<?xml version="1.0" encoding="UTF-8"?>
<testng-results ignored="0" total="1" passed="1" failed="0" skipped="0">
  <reporter-output>
  </reporter-output>
  <suite started-at="2024-08-11T17:48:11 IST" name="Default suite" finished-at="2024-08-11T17:48:41 IST" duration-ms="30293">
    <groups>
    </groups>
    <test started-at="2024-08-11T17:48:11 IST" name="Default test" finished-at="2024-08-11T17:48:41 IST" duration-ms="30293">
      <class name="generalStore.MobileBrowserTest">
        <test-method is-config="true" signature="setUp()[pri:0, instance:generalStore.MobileBrowserTest@7905a0b8]" started-at="2024-08-11T17:48:11 IST" name="setUp" finished-at="2024-08-11T17:48:27 IST" duration-ms="16215" status="PASS">
          <reporter-output>
          </reporter-output>
        </test-method> <!-- setUp -->
        <test-method signature="ChromeBrowserTest()[pri:0, instance:generalStore.MobileBrowserTest@7905a0b8]" started-at="2024-08-11T17:48:27 IST" name="ChromeBrowserTest" finished-at="2024-08-11T17:48:40 IST" duration-ms="13116" status="PASS">
          <reporter-output>
          </reporter-output>
        </test-method> <!-- ChromeBrowserTest -->
        <test-method is-config="true" signature="tearDown()[pri:0, instance:generalStore.MobileBrowserTest@7905a0b8]" started-at="2024-08-11T17:48:40 IST" name="tearDown" finished-at="2024-08-11T17:48:41 IST" duration-ms="708" status="PASS">
          <reporter-output>
          </reporter-output>
        </test-method> <!-- tearDown -->
      </class> <!-- generalStore.MobileBrowserTest -->
    </test> <!-- Default test -->
  </suite> <!-- Default suite -->
</testng-results>
